<?xml version="1.0" encoding="UTF-8"?>
<TestRun id="f8d65d9f-be92-4f34-bd8e-ae9137617b73" name="Lex@LEX-PC 2015-08-10 20:01:13" runUser="Lex-PC\Lex" xmlns="http://microsoft.com/schemas/VisualStudio/TeamTest/2010">
  <TestSettings name="Default Test Settings" id="a87d1a89-31b8-47db-af0d-a57fe7b73933">
    <Execution>
      <TestTypeSpecific />
      <AgentRule name="Execution Agents">
      </AgentRule>
    </Execution>
    <Deployment runDeploymentRoot="Lex_LEX-PC 2015-08-10 20_01_13" />
    <Properties />
  </TestSettings>
  <Times creation="2015-08-10T20:01:13.2012793+03:00" queuing="2015-08-10T20:01:19.6159055+03:00" start="2015-08-10T20:01:19.9398064+03:00" finish="2015-08-10T20:01:21.4144098+03:00" />
  <ResultSummary outcome="Failed">
    <Counters total="3" executed="3" error="0" failed="3" timeout="0" aborted="0" inconclusive="0" passedButRunAborted="0" notRunnable="0" notExecuted="0" disconnected="0" warning="0" passed="0" completed="0" inProgress="0" pending="0" />
  </ResultSummary>
  <TestDefinitions>
    <UnitTest name="TotalNumberOfTurnsInGrim2ShouldBe19" storage="hsrecord.unittests.dll" id="0c8d7eb6-fe75-0116-f6e1-76aae568796f">
      <Execution id="60950c60-b702-4260-8f7d-194c196d831d" />
      <TestMethod codeBase="C:/prog/HSRecord/HSRecord/HSRecord.UnitTests.dll" adapterTypeName="Microsoft.VisualStudio.TestTools.TestTypes.Unit.UnitTestAdapter, Microsoft.VisualStudio.QualityTools.Tips.UnitTest.Adapter, Version=12.0.0.0, Culture=neutral, PublicKeyToken=b03f5f7f11d50a3a" className="HSRecord.UnitTests.ParserTest, HSRecord.UnitTests, Version=1.0.0.0, Culture=neutral, PublicKeyToken=null" name="TotalNumberOfTurnsInGrim2ShouldBe19" />
    </UnitTest>
    <UnitTest name="Step1DrawInGrim2ShouldBeWarSong" storage="hsrecord.unittests.dll" id="ac1ea863-5bcf-0997-cc36-ed4229c76fce">
      <Execution id="297177d2-df05-4d75-983a-724d16804610" />
      <TestMethod codeBase="C:/prog/HSRecord/HSRecord/HSRecord.UnitTests.dll" adapterTypeName="Microsoft.VisualStudio.TestTools.TestTypes.Unit.UnitTestAdapter, Microsoft.VisualStudio.QualityTools.Tips.UnitTest.Adapter, Version=12.0.0.0, Culture=neutral, PublicKeyToken=b03f5f7f11d50a3a" className="HSRecord.UnitTests.ParserTest, HSRecord.UnitTests, Version=1.0.0.0, Culture=neutral, PublicKeyToken=null" name="Step1DrawInGrim2ShouldBeWarSong" />
    </UnitTest>
    <UnitTest name="TotalNumberOfTurnsInGrim1ShouldBe16" storage="hsrecord.unittests.dll" id="7db0080c-e081-bfd6-8a1c-ccbef4e1ce14">
      <Execution id="96c297db-27ea-4ea7-a4fa-d1d7b6185052" />
      <TestMethod codeBase="C:/prog/HSRecord/HSRecord/HSRecord.UnitTests.dll" adapterTypeName="Microsoft.VisualStudio.TestTools.TestTypes.Unit.UnitTestAdapter, Microsoft.VisualStudio.QualityTools.Tips.UnitTest.Adapter, Version=12.0.0.0, Culture=neutral, PublicKeyToken=b03f5f7f11d50a3a" className="HSRecord.UnitTests.ParserTest, HSRecord.UnitTests, Version=1.0.0.0, Culture=neutral, PublicKeyToken=null" name="TotalNumberOfTurnsInGrim1ShouldBe16" />
    </UnitTest>
  </TestDefinitions>
  <TestLists>
    <TestList name="Results Not in a List" id="8c84fa94-04c1-424b-9868-57a2d4851a1d" />
    <TestList name="All Loaded Results" id="19431567-8539-422a-85d7-44ee4e166bda" />
  </TestLists>
  <TestEntries>
    <TestEntry testId="ac1ea863-5bcf-0997-cc36-ed4229c76fce" executionId="297177d2-df05-4d75-983a-724d16804610" testListId="8c84fa94-04c1-424b-9868-57a2d4851a1d" />
    <TestEntry testId="7db0080c-e081-bfd6-8a1c-ccbef4e1ce14" executionId="96c297db-27ea-4ea7-a4fa-d1d7b6185052" testListId="8c84fa94-04c1-424b-9868-57a2d4851a1d" />
    <TestEntry testId="0c8d7eb6-fe75-0116-f6e1-76aae568796f" executionId="60950c60-b702-4260-8f7d-194c196d831d" testListId="8c84fa94-04c1-424b-9868-57a2d4851a1d" />
  </TestEntries>
  <Results>
    <UnitTestResult executionId="297177d2-df05-4d75-983a-724d16804610" testId="ac1ea863-5bcf-0997-cc36-ed4229c76fce" testName="Step1DrawInGrim2ShouldBeWarSong" computerName="LEX-PC" duration="00:00:00.3109134" startTime="2015-08-10T20:01:20.0640069+03:00" endTime="2015-08-10T20:01:21.1055091+03:00" testType="13cdc9d9-ddb5-4fa4-a97d-d965ccfc6d4b" outcome="Failed" testListId="8c84fa94-04c1-424b-9868-57a2d4851a1d" relativeResultsDirectory="297177d2-df05-4d75-983a-724d16804610">
      <Output>
        <ErrorInfo>
          <Message>Test method HSRecord.UnitTests.ParserTest.Step1DrawInGrim2ShouldBeWarSong threw exception: 
System.IO.DirectoryNotFoundException: Could not find a part of the path 'C:\Projects\HSRecord\HSRecord\data\Grim2.txt'.</Message>
          <StackTrace>    at System.IO.__Error.WinIOError(Int32 errorCode, String maybeFullPath)
   at System.IO.FileStream.Init(String path, FileMode mode, FileAccess access, Int32 rights, Boolean useRights, FileShare share, Int32 bufferSize, FileOptions options, SECURITY_ATTRIBUTES secAttrs, String msgPath, Boolean bFromProxy, Boolean useLongPath, Boolean checkHost)
   at System.IO.FileStream..ctor(String path, FileMode mode, FileAccess access, FileShare share, Int32 bufferSize, FileOptions options, String msgPath, Boolean bFromProxy, Boolean useLongPath, Boolean checkHost)
   at System.IO.StreamReader..ctor(String path, Encoding encoding, Boolean detectEncodingFromByteOrderMarks, Int32 bufferSize, Boolean checkHost)
   at System.IO.StreamReader..ctor(String path, Encoding encoding)
   at System.IO.File.InternalReadAllLines(String path, Encoding encoding)
   at System.IO.File.ReadAllLines(String path)
   at HSRecord.Core.Parsing.HSParser.Read() in c:\prog\HSRecord\HSRecord\HSRecord.Core\Parsing\Parser.cs:line 87
   at HSRecord.Core.Parsing.HSParser.Parse() in c:\prog\HSRecord\HSRecord\HSRecord.Core\Parsing\Parser.cs:line 27
   at HSRecord.Core.Parsing.HSParser.ParseGame(String fileName) in c:\prog\HSRecord\HSRecord\HSRecord.Core\Parsing\Parser.cs:line 23
   at HSRecord.UnitTests.ParserTest.Step1DrawInGrim2ShouldBeWarSong() in c:\prog\HSRecord\HSRecord\HSRecord.UnitTests\ParserTest.cs:line 36
</StackTrace>
        </ErrorInfo>
      </Output>
    </UnitTestResult>
    <UnitTestResult executionId="96c297db-27ea-4ea7-a4fa-d1d7b6185052" testId="7db0080c-e081-bfd6-8a1c-ccbef4e1ce14" testName="TotalNumberOfTurnsInGrim1ShouldBe16" computerName="LEX-PC" duration="00:00:00.0308548" startTime="2015-08-10T20:01:21.1211091+03:00" endTime="2015-08-10T20:01:21.1548092+03:00" testType="13cdc9d9-ddb5-4fa4-a97d-d965ccfc6d4b" outcome="Failed" testListId="8c84fa94-04c1-424b-9868-57a2d4851a1d" relativeResultsDirectory="96c297db-27ea-4ea7-a4fa-d1d7b6185052">
      <Output>
        <ErrorInfo>
          <Message>Test method HSRecord.UnitTests.ParserTest.TotalNumberOfTurnsInGrim1ShouldBe16 threw exception: 
System.IO.DirectoryNotFoundException: Could not find a part of the path 'C:\Projects\HSRecord\HSRecord\data\Grim1.txt'.</Message>
          <StackTrace>    at System.IO.__Error.WinIOError(Int32 errorCode, String maybeFullPath)
   at System.IO.FileStream.Init(String path, FileMode mode, FileAccess access, Int32 rights, Boolean useRights, FileShare share, Int32 bufferSize, FileOptions options, SECURITY_ATTRIBUTES secAttrs, String msgPath, Boolean bFromProxy, Boolean useLongPath, Boolean checkHost)
   at System.IO.FileStream..ctor(String path, FileMode mode, FileAccess access, FileShare share, Int32 bufferSize, FileOptions options, String msgPath, Boolean bFromProxy, Boolean useLongPath, Boolean checkHost)
   at System.IO.StreamReader..ctor(String path, Encoding encoding, Boolean detectEncodingFromByteOrderMarks, Int32 bufferSize, Boolean checkHost)
   at System.IO.StreamReader..ctor(String path, Encoding encoding)
   at System.IO.File.InternalReadAllLines(String path, Encoding encoding)
   at System.IO.File.ReadAllLines(String path)
   at HSRecord.Core.Parsing.HSParser.Read() in c:\prog\HSRecord\HSRecord\HSRecord.Core\Parsing\Parser.cs:line 87
   at HSRecord.Core.Parsing.HSParser.Parse() in c:\prog\HSRecord\HSRecord\HSRecord.Core\Parsing\Parser.cs:line 27
   at HSRecord.Core.Parsing.HSParser.ParseGame(String fileName) in c:\prog\HSRecord\HSRecord\HSRecord.Core\Parsing\Parser.cs:line 23
   at HSRecord.UnitTests.ParserTest.TotalNumberOfTurnsInGrim1ShouldBe16() in c:\prog\HSRecord\HSRecord\HSRecord.UnitTests\ParserTest.cs:line 22
</StackTrace>
        </ErrorInfo>
      </Output>
    </UnitTestResult>
    <UnitTestResult executionId="60950c60-b702-4260-8f7d-194c196d831d" testId="0c8d7eb6-fe75-0116-f6e1-76aae568796f" testName="TotalNumberOfTurnsInGrim2ShouldBe19" computerName="LEX-PC" duration="00:00:00.0064228" startTime="2015-08-10T20:01:21.1704092+03:00" endTime="2015-08-10T20:01:21.1860092+03:00" testType="13cdc9d9-ddb5-4fa4-a97d-d965ccfc6d4b" outcome="Failed" testListId="8c84fa94-04c1-424b-9868-57a2d4851a1d" relativeResultsDirectory="60950c60-b702-4260-8f7d-194c196d831d">
      <Output>
        <ErrorInfo>
          <Message>Test method HSRecord.UnitTests.ParserTest.TotalNumberOfTurnsInGrim2ShouldBe19 threw exception: 
System.IO.DirectoryNotFoundException: Could not find a part of the path 'C:\Projects\HSRecord\HSRecord\data\Grim2.txt'.</Message>
          <StackTrace>    at System.IO.__Error.WinIOError(Int32 errorCode, String maybeFullPath)
   at System.IO.FileStream.Init(String path, FileMode mode, FileAccess access, Int32 rights, Boolean useRights, FileShare share, Int32 bufferSize, FileOptions options, SECURITY_ATTRIBUTES secAttrs, String msgPath, Boolean bFromProxy, Boolean useLongPath, Boolean checkHost)
   at System.IO.FileStream..ctor(String path, FileMode mode, FileAccess access, FileShare share, Int32 bufferSize, FileOptions options, String msgPath, Boolean bFromProxy, Boolean useLongPath, Boolean checkHost)
   at System.IO.StreamReader..ctor(String path, Encoding encoding, Boolean detectEncodingFromByteOrderMarks, Int32 bufferSize, Boolean checkHost)
   at System.IO.StreamReader..ctor(String path, Encoding encoding)
   at System.IO.File.InternalReadAllLines(String path, Encoding encoding)
   at System.IO.File.ReadAllLines(String path)
   at HSRecord.Core.Parsing.HSParser.Read() in c:\prog\HSRecord\HSRecord\HSRecord.Core\Parsing\Parser.cs:line 87
   at HSRecord.Core.Parsing.HSParser.Parse() in c:\prog\HSRecord\HSRecord\HSRecord.Core\Parsing\Parser.cs:line 27
   at HSRecord.Core.Parsing.HSParser.ParseGame(String fileName) in c:\prog\HSRecord\HSRecord\HSRecord.Core\Parsing\Parser.cs:line 23
   at HSRecord.UnitTests.ParserTest.TotalNumberOfTurnsInGrim2ShouldBe19() in c:\prog\HSRecord\HSRecord\HSRecord.UnitTests\ParserTest.cs:line 29
</StackTrace>
        </ErrorInfo>
      </Output>
    </UnitTestResult>
  </Results>
</TestRun>